<?xml version="1.0" encoding="UTF-8"?>
<testng-results ignored="0" total="2" passed="2" failed="0" skipped="0">
  <reporter-output>
  </reporter-output>
  <suite started-at="2020-06-22T21:23:28 MSK" name="All test" finished-at="2020-06-22T21:24:26 MSK" duration-ms="58058">
    <groups>
    </groups>
    <test started-at="2020-06-22T21:23:28 MSK" name="Open Start Page" finished-at="2020-06-22T21:23:49 MSK" duration-ms="20581">
      <class name="test.TestOpenRightPage">
        <test-method is-config="true" signature="setUp()[pri:0, instance:test.TestOpenRightPage@3c87521]" started-at="2020-06-22T21:23:28 MSK" name="setUp" finished-at="2020-06-22T21:23:28 MSK" duration-ms="13" status="PASS">
          <reporter-output>
          </reporter-output>
        </test-method> <!-- setUp -->
        <test-method signature="getToCloudGoogle()[pri:0, instance:test.TestOpenRightPage@3c87521]" started-at="2020-06-22T21:23:28 MSK" name="getToCloudGoogle" finished-at="2020-06-22T21:23:45 MSK" duration-ms="16426" status="PASS">
          <reporter-output>
          </reporter-output>
        </test-method> <!-- getToCloudGoogle -->
        <test-method is-config="true" signature="clearUp()[pri:0, instance:test.TestOpenRightPage@3c87521]" started-at="2020-06-22T21:23:45 MSK" name="clearUp" finished-at="2020-06-22T21:23:49 MSK" duration-ms="4119" status="PASS">
          <reporter-output>
          </reporter-output>
        </test-method> <!-- clearUp -->
      </class> <!-- test.TestOpenRightPage -->
    </test> <!-- Open Start Page -->
    <test started-at="2020-06-22T21:23:49 MSK" name="Price Comparison" finished-at="2020-06-22T21:24:26 MSK" duration-ms="37457">
      <class name="test.PriceComparisonTest">
        <test-method is-config="true" signature="setUp()[pri:0, instance:test.PriceComparisonTest@1339e7aa]" started-at="2020-06-22T21:23:49 MSK" name="setUp" finished-at="2020-06-22T21:23:49 MSK" duration-ms="1" status="PASS">
          <reporter-output>
          </reporter-output>
        </test-method> <!-- setUp -->
        <test-method signature="openPage()[pri:0, instance:test.PriceComparisonTest@1339e7aa]" started-at="2020-06-22T21:23:49 MSK" name="openPage" finished-at="2020-06-22T21:24:26 MSK" duration-ms="37310" status="PASS">
          <reporter-output>
          </reporter-output>
        </test-method> <!-- openPage -->
        <test-method is-config="true" signature="clearUp()[pri:0, instance:test.PriceComparisonTest@1339e7aa]" started-at="2020-06-22T21:24:26 MSK" name="clearUp" finished-at="2020-06-22T21:24:26 MSK" duration-ms="145" status="PASS">
          <reporter-output>
          </reporter-output>
        </test-method> <!-- clearUp -->
      </class> <!-- test.PriceComparisonTest -->
    </test> <!-- Price Comparison -->
  </suite> <!-- All test -->
</testng-results>
