<?xml version="1.0" encoding="UTF-8"?>
<testsuite xmlns:xsi="http://www.w3.org/2001/XMLSchema-instance" xsi:noNamespaceSchemaLocation="https://maven.apache.org/surefire/maven-surefire-plugin/xsd/surefire-test-report-3.0.xsd" version="3.0" name="TestSuite" time="86.912" tests="2" errors="0" skipped="0" failures="0">
  <properties>
[...]
</properties>
  <testcase name="getToCloudGoogle" classname="test.TestOpenRightPage" time="28.11">
    <system-out><![CDATA[2020-06-30 15:20:46,734 INFO  [main] page.CloudGoogleComPage.getToStartPage(CloudGoogleComPage.java:17) Open web site with Cloud Calculator
]]></system-out>
    <system-err><![CDATA[SLF4J: Failed to load class "org.slf4j.impl.StaticLoggerBinder".
SLF4J: Defaulting to no-operation (NOP) logger implementation
SLF4J: See http://www.slf4j.org/codes.html#StaticLoggerBinder for further details.
Starting ChromeDriver 83.0.4103.39 (ccbf011cb2d2b19b506d844400483861342c20cd-refs/branch-heads/4103@{#416}) on port 34995
Only local connections are allowed.
Please see https://chromedriver.chromium.org/security-considerations for suggestions on keeping ChromeDriver safe.
ChromeDriver was started successfully.
июн. 30, 2020 3:20:25 PM org.openqa.selenium.remote.ProtocolHandshake createSession
INFO: Detected dialect: W3C
]]></system-err>
  </testcase>
  <testcase name="openPage" classname="test.PriceComparisonTest" time="57.071">
    <system-out><![CDATA[2020-06-30 15:21:19,959 INFO  [main] page.CloudGoogleComPage.getToStartPage(CloudGoogleComPage.java:17) Open web site with Cloud Calculator
2020-06-30 15:21:26,134 INFO  [main] page.PageWithSettings.emailEstimate(PageWithSettings.java:106) Create calculator on page with some settings
2020-06-30 15:21:32,736 INFO  [main] page.GenerateMailPage.copyMail(GenerateMailPage.java:33) Generate email
2020-06-30 15:21:33,277 INFO  [main] page.PageWithSettings.checkSendEmail(PageWithSettings.java:127) The settings of calculator was success send on generate email
1082.77
2020-06-30 15:21:43,825 INFO  [main] page.GenerateMailPage.clickToOpenMail(GenerateMailPage.java:45) The email was success open
1082.77
]]></system-out>
    <system-err><![CDATA[Starting ChromeDriver 83.0.4103.39 (ccbf011cb2d2b19b506d844400483861342c20cd-refs/branch-heads/4103@{#416}) on port 14499
Only local connections are allowed.
Please see https://chromedriver.chromium.org/security-considerations for suggestions on keeping ChromeDriver safe.
ChromeDriver was started successfully.
июн. 30, 2020 3:20:52 PM org.openqa.selenium.remote.ProtocolHandshake createSession
INFO: Detected dialect: W3C
]]></system-err>
  </testcase>
</testsuite>