<?xml version="1.0" encoding="UTF-8"?>
<testng-results ignored="0" total="2" passed="2" failed="0" skipped="0">
  <reporter-output>
  </reporter-output>
  <suite started-at="2020-06-30T15:20:18 MSK" name="All test" finished-at="2020-06-30T15:21:44 MSK" duration-ms="85322">
    <groups>
    </groups>
    <test started-at="2020-06-30T15:20:18 MSK" name="Open Start Page" finished-at="2020-06-30T15:20:46 MSK" duration-ms="28124">
      <class name="test.TestOpenRightPage">
        <test-method is-config="true" signature="setUp()[pri:0, instance:test.TestOpenRightPage@3c87521]" started-at="2020-06-30T15:20:18 MSK" name="setUp" finished-at="2020-06-30T15:20:18 MSK" duration-ms="26" status="PASS">
          <reporter-output>
          </reporter-output>
        </test-method> <!-- setUp -->
        <test-method signature="getToCloudGoogle()[pri:0, instance:test.TestOpenRightPage@3c87521]" started-at="2020-06-30T15:20:18 MSK" name="getToCloudGoogle" finished-at="2020-06-30T15:20:46 MSK" duration-ms="27889" status="PASS">
          <reporter-output>
          </reporter-output>
        </test-method> <!-- getToCloudGoogle -->
        <test-method is-config="true" signature="clearUp()[pri:0, instance:test.TestOpenRightPage@3c87521]" started-at="2020-06-30T15:20:46 MSK" name="clearUp" finished-at="2020-06-30T15:20:46 MSK" duration-ms="169" status="PASS">
          <reporter-output>
          </reporter-output>
        </test-method> <!-- clearUp -->
      </class> <!-- test.TestOpenRightPage -->
    </test> <!-- Open Start Page -->
    <test started-at="2020-06-30T15:20:47 MSK" name="Price Comparison" finished-at="2020-06-30T15:21:44 MSK" duration-ms="57141">
      <class name="test.PriceComparisonTest">
        <test-method is-config="true" signature="setUp()[pri:0, instance:test.PriceComparisonTest@1339e7aa]" started-at="2020-06-30T15:20:47 MSK" name="setUp" finished-at="2020-06-30T15:20:47 MSK" duration-ms="1" status="PASS">
          <reporter-output>
          </reporter-output>
        </test-method> <!-- setUp -->
        <test-method signature="openPage()[pri:0, instance:test.PriceComparisonTest@1339e7aa]" started-at="2020-06-30T15:20:47 MSK" name="openPage" finished-at="2020-06-30T15:21:43 MSK" duration-ms="56907" status="PASS">
          <reporter-output>
          </reporter-output>
        </test-method> <!-- openPage -->
        <test-method is-config="true" signature="clearUp()[pri:0, instance:test.PriceComparisonTest@1339e7aa]" started-at="2020-06-30T15:21:43 MSK" name="clearUp" finished-at="2020-06-30T15:21:44 MSK" duration-ms="230" status="PASS">
          <reporter-output>
          </reporter-output>
        </test-method> <!-- clearUp -->
      </class> <!-- test.PriceComparisonTest -->
    </test> <!-- Price Comparison -->
  </suite> <!-- All test -->
</testng-results>
